<?xml version="1.0" encoding="UTF-8"?>
<!-- Generated by org.testng.reporters.JUnitReportReporter -->
<testsuite hostname="sumaprakash" failures="0" tests="1" name="selenium.NewTest" time="19.688" errors="0" timestamp="2020-10-15T10:27:01 IST" skipped="0">
  <testcase classname="selenium.NewTest" name="f" time="19.688"/>
  <system-out/>
</testsuite> <!-- selenium.NewTest -->
